This is pdfTeX, Version 3.14159265-2.6-1.40.15 (TeX Live 2014) (preloaded format=pdflatex 2014.6.17)  13 SEP 2014 10:25
entering extended mode
 restricted \write18 enabled.
 file:line:error style messages enabled.
 %&-line parsing enabled.
**ME512-HW3_LAMPE.tex
(./ME512-HW3_LAMPE.tex
LaTeX2e <2014/05/01>
Babel <3.9k> and hyphenation patterns for 78 languages loaded.
(/usr/local/texlive/2014/texmf-dist/tex/latex/base/article.cls
Document Class: article 2007/10/19 v1.4h Standard LaTeX document class
(/usr/local/texlive/2014/texmf-dist/tex/latex/base/size10.clo
File: size10.clo 2007/10/19 v1.4h Standard LaTeX file (size option)
)
\c@part=\count79
\c@section=\count80
\c@subsection=\count81
\c@subsubsection=\count82
\c@paragraph=\count83
\c@subparagraph=\count84
\c@figure=\count85
\c@table=\count86
\abovecaptionskip=\skip41
\belowcaptionskip=\skip42
\bibindent=\dimen102
)
(/usr/local/texlive/2014/texmf-dist/tex/latex/geometry/geometry.sty
Package: geometry 2010/09/12 v5.6 Page Geometry

(/usr/local/texlive/2014/texmf-dist/tex/latex/graphics/keyval.sty
Package: keyval 2014/05/08 v1.15 key=value parser (DPC)
\KV@toks@=\toks14
)
(/usr/local/texlive/2014/texmf-dist/tex/generic/oberdiek/ifpdf.sty
Package: ifpdf 2011/01/30 v2.3 Provides the ifpdf switch (HO)
Package ifpdf Info: pdfTeX in PDF mode is detected.
)
(/usr/local/texlive/2014/texmf-dist/tex/generic/oberdiek/ifvtex.sty
Package: ifvtex 2010/03/01 v1.5 Detect VTeX and its facilities (HO)
Package ifvtex Info: VTeX not detected.
)
(/usr/local/texlive/2014/texmf-dist/tex/generic/ifxetex/ifxetex.sty
Package: ifxetex 2010/09/12 v0.6 Provides ifxetex conditional
)
\Gm@cnth=\count87
\Gm@cntv=\count88
\c@Gm@tempcnt=\count89
\Gm@bindingoffset=\dimen103
\Gm@wd@mp=\dimen104
\Gm@odd@mp=\dimen105
\Gm@even@mp=\dimen106
\Gm@layoutwidth=\dimen107
\Gm@layoutheight=\dimen108
\Gm@layouthoffset=\dimen109
\Gm@layoutvoffset=\dimen110
\Gm@dimlist=\toks15
)
(/usr/local/texlive/2014/texmf-dist/tex/latex/mh/mathtools.sty
Package: mathtools 2014/05/21 v1.14 mathematical typesetting tools

(/usr/local/texlive/2014/texmf-dist/tex/latex/tools/calc.sty
Package: calc 2007/08/22 v4.3 Infix arithmetic (KKT,FJ)
\calc@Acount=\count90
\calc@Bcount=\count91
\calc@Adimen=\dimen111
\calc@Bdimen=\dimen112
\calc@Askip=\skip43
\calc@Bskip=\skip44
LaTeX Info: Redefining \setlength on input line 75.
LaTeX Info: Redefining \addtolength on input line 76.
\calc@Ccount=\count92
\calc@Cskip=\skip45
)
(/usr/local/texlive/2014/texmf-dist/tex/latex/mh/mhsetup.sty
Package: mhsetup 2010/01/21 v1.2a programming setup (MH)
)
(/usr/local/texlive/2014/texmf-dist/tex/latex/amsmath/amsmath.sty
Package: amsmath 2013/01/14 v2.14 AMS math features
\@mathmargin=\skip46

For additional information on amsmath, use the `?' option.
(/usr/local/texlive/2014/texmf-dist/tex/latex/amsmath/amstext.sty
Package: amstext 2000/06/29 v2.01

(/usr/local/texlive/2014/texmf-dist/tex/latex/amsmath/amsgen.sty
File: amsgen.sty 1999/11/30 v2.0
\@emptytoks=\toks16
\ex@=\dimen113
))
(/usr/local/texlive/2014/texmf-dist/tex/latex/amsmath/amsbsy.sty
Package: amsbsy 1999/11/29 v1.2d
\pmbraise@=\dimen114
)
(/usr/local/texlive/2014/texmf-dist/tex/latex/amsmath/amsopn.sty
Package: amsopn 1999/12/14 v2.01 operator names
)
\inf@bad=\count93
LaTeX Info: Redefining \frac on input line 210.
\uproot@=\count94
\leftroot@=\count95
LaTeX Info: Redefining \overline on input line 306.
\classnum@=\count96
\DOTSCASE@=\count97
LaTeX Info: Redefining \ldots on input line 378.
LaTeX Info: Redefining \dots on input line 381.
LaTeX Info: Redefining \cdots on input line 466.
\Mathstrutbox@=\box26
\strutbox@=\box27
\big@size=\dimen115
LaTeX Font Info:    Redeclaring font encoding OML on input line 566.
LaTeX Font Info:    Redeclaring font encoding OMS on input line 567.
\macc@depth=\count98
\c@MaxMatrixCols=\count99
\dotsspace@=\muskip10
\c@parentequation=\count100
\dspbrk@lvl=\count101
\tag@help=\toks17
\row@=\count102
\column@=\count103
\maxfields@=\count104
\andhelp@=\toks18
\eqnshift@=\dimen116
\alignsep@=\dimen117
\tagshift@=\dimen118
\tagwidth@=\dimen119
\totwidth@=\dimen120
\lineht@=\dimen121
\@envbody=\toks19
\multlinegap=\skip47
\multlinetaggap=\skip48
\mathdisplay@stack=\toks20
LaTeX Info: Redefining \[ on input line 2665.
LaTeX Info: Redefining \] on input line 2666.
)
LaTeX Info: Thecontrolsequence`\['isalreadyrobust on input line 129.
LaTeX Info: Thecontrolsequence`\]'isalreadyrobust on input line 129.
\g_MT_multlinerow_int=\count105
\l_MT_multwidth_dim=\dimen122
\origjot=\skip49
\l_MT_shortvdotswithinadjustabove_dim=\dimen123
\l_MT_shortvdotswithinadjustbelow_dim=\dimen124
\l_MT_above_intertext_sep=\dimen125
\l_MT_below_intertext_sep=\dimen126
\l_MT_above_shortintertext_sep=\dimen127
\l_MT_below_shortintertext_sep=\dimen128
)
(/usr/local/texlive/2014/texmf-dist/tex/latex/amscls/amsthm.sty
Package: amsthm 2004/08/06 v2.20
\thm@style=\toks21
\thm@bodyfont=\toks22
\thm@headfont=\toks23
\thm@notefont=\toks24
\thm@headpunct=\toks25
\thm@preskip=\skip50
\thm@postskip=\skip51
\thm@headsep=\skip52
\dth@everypar=\toks26
)
(/usr/local/texlive/2014/texmf-dist/tex/latex/amsfonts/amssymb.sty
Package: amssymb 2013/01/14 v3.01 AMS font symbols

(/usr/local/texlive/2014/texmf-dist/tex/latex/amsfonts/amsfonts.sty
Package: amsfonts 2013/01/14 v3.01 Basic AMSFonts support
\symAMSa=\mathgroup4
\symAMSb=\mathgroup5
LaTeX Font Info:    Overwriting math alphabet `\mathfrak' in version `bold'
(Font)                  U/euf/m/n --> U/euf/b/n on input line 106.
))
(/usr/local/texlive/2014/texmf-dist/tex/latex/changepage/changepage.sty
Package: changepage 2009/10/20 v1.0c check page and change page layout
\c@cp@cntr=\count106
\cp@tempcnt=\count107
)
(/usr/local/texlive/2014/texmf-dist/tex/latex/enumitem/enumitem.sty
Package: enumitem 2011/09/28 v3.5.2 Customized lists
\labelindent=\skip53
\enit@outerparindent=\dimen129
\enit@toks=\toks27
\enit@inbox=\box28
\enitdp@description=\count108
)
(/usr/local/texlive/2014/texmf-dist/tex/generic/babel/babel.sty
Package: babel 2014/03/24 3.9k The Babel package

(/usr/local/texlive/2014/texmf-dist/tex/generic/babel-english/english.ldf
Language: english 2012/08/20 v3.3p English support from the babel system

(/usr/local/texlive/2014/texmf-dist/tex/generic/babel/babel.def
File: babel.def 2014/03/24 3.9k Babel common definitions
\babel@savecnt=\count109
\U@D=\dimen130
)
\l@canadian = a dialect from \language\l@american 
\l@australian = a dialect from \language\l@british 
\l@newzealand = a dialect from \language\l@british 
))
(/usr/local/texlive/2014/texmf-dist/tex/latex/tools/bm.sty
Package: bm 2004/02/26 v1.1c Bold Symbol Support (DPC/FMi)
\symboldoperators=\mathgroup6
\symboldletters=\mathgroup7
\symboldsymbols=\mathgroup8
LaTeX Font Info:    Redeclaring math alphabet \mathbf on input line 137.
LaTeX Info: Redefining \bm on input line 203.
)
(/usr/local/texlive/2014/texmf-dist/tex/latex/tensor/tensor.sty
Package: tensor 2004/12/20 v2.1 tensor indices package (PGR)
\tnsr@Sps=\toks28
\tnsr@Sbs=\toks29
\tnsr@Spe=\toks30
\tnsr@Sbe=\toks31
\ncld@Mno=\toks32
)
(/usr/local/texlive/2014/texmf-dist/tex/latex/l3packages/xfrac/xfrac.sty
(/usr/local/texlive/2014/texmf-dist/tex/latex/graphics/graphicx.sty
Package: graphicx 2014/04/25 v1.0g Enhanced LaTeX Graphics (DPC,SPQR)

(/usr/local/texlive/2014/texmf-dist/tex/latex/graphics/graphics.sty
Package: graphics 2009/02/05 v1.0o Standard LaTeX Graphics (DPC,SPQR)

(/usr/local/texlive/2014/texmf-dist/tex/latex/graphics/trig.sty
Package: trig 1999/03/16 v1.09 sin cos tan (DPC)
)
(/usr/local/texlive/2014/texmf-dist/tex/latex/latexconfig/graphics.cfg
File: graphics.cfg 2010/04/23 v1.9 graphics configuration of TeX Live
)
Package graphics Info: Driver file: pdftex.def on input line 91.

(/usr/local/texlive/2014/texmf-dist/tex/latex/pdftex-def/pdftex.def
File: pdftex.def 2011/05/27 v0.06d Graphics/color for pdfTeX

(/usr/local/texlive/2014/texmf-dist/tex/generic/oberdiek/infwarerr.sty
Package: infwarerr 2010/04/08 v1.3 Providing info/warning/error messages (HO)
)
(/usr/local/texlive/2014/texmf-dist/tex/generic/oberdiek/ltxcmds.sty
Package: ltxcmds 2011/11/09 v1.22 LaTeX kernel commands for general use (HO)
)
\Gread@gobject=\count110
))
\Gin@req@height=\dimen131
\Gin@req@width=\dimen132
)
(/usr/local/texlive/2014/texmf-dist/tex/latex/l3packages/l3keys2e/l3keys2e.sty
(/usr/local/texlive/2014/texmf-dist/tex/latex/l3kernel/expl3.sty
Package: expl3 2014/05/20 v4814 L3 programming layer (loader) 

(/usr/local/texlive/2014/texmf-dist/tex/latex/l3kernel/expl3-code.tex
Package: expl3 2014/05/20 v4814 L3 programming layer (code) 
L3 Module: l3bootstrap 2014/05/16 v4782 L3 Bootstrap code

(/usr/local/texlive/2014/texmf-dist/tex/latex/etex-pkg/etex.sty
Package: etex 1998/03/26 v2.0 eTeX basic definition package (PEB)
\et@xins=\count111
)
L3 Module: l3names 2014/05/04 v4728 L3 Namespace for primitives
L3 Module: l3basics 2014/05/04 v4728 L3 Basic definitions
L3 Module: l3expan 2014/04/30 v4712 L3 Argument expansion
L3 Module: l3tl 2014/05/04 v4728 L3 Token lists
L3 Module: l3seq 2014/04/30 v4712 L3 Sequences and stacks
L3 Module: l3int 2014/05/16 v4776 L3 Integers
\c_max_int=\count112
\l_tmpa_int=\count113
\l_tmpb_int=\count114
\g_tmpa_int=\count115
\g_tmpb_int=\count116
L3 Module: l3quark 2014/05/04 v4728 L3 Quarks
L3 Module: l3prg 2014/05/04 v4728 L3 Control structures
\g__prg_map_int=\count117
L3 Module: l3clist 2014/05/04 v4728 L3 Comma separated lists
L3 Module: l3token 2014/05/04 v4728 L3 Experimental token manipulation
L3 Module: l3prop 2014/04/30 v4712 L3 Property lists
L3 Module: l3msg 2014/05/04 v4728 L3 Messages
L3 Module: l3file 2014/05/05 v4737 L3 File and I/O operations
\l_iow_line_count_int=\count118
\l__iow_target_count_int=\count119
\l__iow_current_line_int=\count120
\l__iow_current_word_int=\count121
\l__iow_current_indentation_int=\count122
L3 Module: l3skip 2014/05/05 v4738 L3 Dimensions and skips
\c_zero_dim=\dimen133
\c_max_dim=\dimen134
\l_tmpa_dim=\dimen135
\l_tmpb_dim=\dimen136
\g_tmpa_dim=\dimen137
\g_tmpb_dim=\dimen138
\c_zero_skip=\skip54
\c_max_skip=\skip55
\l_tmpa_skip=\skip56
\l_tmpb_skip=\skip57
\g_tmpa_skip=\skip58
\g_tmpb_skip=\skip59
\c_zero_muskip=\muskip11
\c_max_muskip=\muskip12
\l_tmpa_muskip=\muskip13
\l_tmpb_muskip=\muskip14
\g_tmpa_muskip=\muskip15
\g_tmpb_muskip=\muskip16
L3 Module: l3keys 2014/05/08 v4753 L3 Key-value interfaces
\g__keyval_level_int=\count123
\l_keys_choice_int=\count124
L3 Module: l3fp 2014/04/30 v4712 L3 Floating points
\c__fp_leading_shift_int=\count125
\c__fp_middle_shift_int=\count126
\c__fp_trailing_shift_int=\count127
\c__fp_big_leading_shift_int=\count128
\c__fp_big_middle_shift_int=\count129
\c__fp_big_trailing_shift_int=\count130
\c__fp_Bigg_leading_shift_int=\count131
\c__fp_Bigg_middle_shift_int=\count132
\c__fp_Bigg_trailing_shift_int=\count133
L3 Module: l3box 2014/05/04 v4728 L3 Experimental boxes
\c_empty_box=\box29
\l_tmpa_box=\box30
\l_tmpb_box=\box31
\g_tmpa_box=\box32
\g_tmpb_box=\box33
L3 Module: l3coffins 2014/05/04 v4728 L3 Coffin code layer
\l__coffin_internal_box=\box34
\l__coffin_internal_dim=\dimen139
\l__coffin_offset_x_dim=\dimen140
\l__coffin_offset_y_dim=\dimen141
\l__coffin_x_dim=\dimen142
\l__coffin_y_dim=\dimen143
\l__coffin_x_prime_dim=\dimen144
\l__coffin_y_prime_dim=\dimen145
\c_empty_coffin=\box35
\l__coffin_aligned_coffin=\box36
\l__coffin_aligned_internal_coffin=\box37
\l_tmpa_coffin=\box38
\l_tmpb_coffin=\box39
\l__coffin_display_coffin=\box40
\l__coffin_display_coord_coffin=\box41
\l__coffin_display_pole_coffin=\box42
\l__coffin_display_offset_dim=\dimen146
\l__coffin_display_x_dim=\dimen147
\l__coffin_display_y_dim=\dimen148
L3 Module: l3color 2014/04/30 v4712 L3 Experimental color support
L3 Module: l3luatex 2014/04/30 v4712 L3 Experimental LuaTeX-specific functions
\g__cctab_allocate_int=\count134
\g__cctab_stack_int=\count135
L3 Module: l3candidates 2014/05/04 v4734 L3 Experimental additions to l3kernel
\l__box_top_dim=\dimen149
\l__box_bottom_dim=\dimen150
\l__box_left_dim=\dimen151
\l__box_right_dim=\dimen152
\l__box_top_new_dim=\dimen153
\l__box_bottom_new_dim=\dimen154
\l__box_left_new_dim=\dimen155
\l__box_right_new_dim=\dimen156
\l__box_internal_box=\box43
\l__coffin_bounding_shift_dim=\dimen157
\l__coffin_left_corner_dim=\dimen158
\l__coffin_right_corner_dim=\dimen159
\l__coffin_bottom_corner_dim=\dimen160
\l__coffin_top_corner_dim=\dimen161
\l__coffin_scaled_total_height_dim=\dimen162
\l__coffin_scaled_width_dim=\dimen163
))
Package: l3keys2e 2014/05/05 v4740 LaTeX2e option processing using LaTeX3 keys
)
(/usr/local/texlive/2014/texmf-dist/tex/latex/base/textcomp.sty
Package: textcomp 2005/09/27 v1.99g Standard LaTeX package
Package textcomp Info: Sub-encoding information:
(textcomp)               5 = only ISO-Adobe without \textcurrency
(textcomp)               4 = 5 + \texteuro
(textcomp)               3 = 4 + \textohm
(textcomp)               2 = 3 + \textestimated + \textcurrency
(textcomp)               1 = TS1 - \textcircled - \t
(textcomp)               0 = TS1 (full)
(textcomp)             Font families with sub-encoding setting implement
(textcomp)             only a restricted character set as indicated.
(textcomp)             Family '?' is the default used for unknown fonts.
(textcomp)             See the documentation for details.
Package textcomp Info: Setting ? sub-encoding to TS1/1 on input line 71.

(/usr/local/texlive/2014/texmf-dist/tex/latex/base/ts1enc.def
File: ts1enc.def 2001/06/05 v3.0e (jk/car/fm) Standard LaTeX file
)
LaTeX Info: Redefining \oldstylenums on input line 266.
Package textcomp Info: Setting cmr sub-encoding to TS1/0 on input line 281.
Package textcomp Info: Setting cmss sub-encoding to TS1/0 on input line 282.
Package textcomp Info: Setting cmtt sub-encoding to TS1/0 on input line 283.
Package textcomp Info: Setting cmvtt sub-encoding to TS1/0 on input line 284.
Package textcomp Info: Setting cmbr sub-encoding to TS1/0 on input line 285.
Package textcomp Info: Setting cmtl sub-encoding to TS1/0 on input line 286.
Package textcomp Info: Setting ccr sub-encoding to TS1/0 on input line 287.
Package textcomp Info: Setting ptm sub-encoding to TS1/4 on input line 288.
Package textcomp Info: Setting pcr sub-encoding to TS1/4 on input line 289.
Package textcomp Info: Setting phv sub-encoding to TS1/4 on input line 290.
Package textcomp Info: Setting ppl sub-encoding to TS1/3 on input line 291.
Package textcomp Info: Setting pag sub-encoding to TS1/4 on input line 292.
Package textcomp Info: Setting pbk sub-encoding to TS1/4 on input line 293.
Package textcomp Info: Setting pnc sub-encoding to TS1/4 on input line 294.
Package textcomp Info: Setting pzc sub-encoding to TS1/4 on input line 295.
Package textcomp Info: Setting bch sub-encoding to TS1/4 on input line 296.
Package textcomp Info: Setting put sub-encoding to TS1/5 on input line 297.
Package textcomp Info: Setting uag sub-encoding to TS1/5 on input line 298.
Package textcomp Info: Setting ugq sub-encoding to TS1/5 on input line 299.
Package textcomp Info: Setting ul8 sub-encoding to TS1/4 on input line 300.
Package textcomp Info: Setting ul9 sub-encoding to TS1/4 on input line 301.
Package textcomp Info: Setting augie sub-encoding to TS1/5 on input line 302.
Package textcomp Info: Setting dayrom sub-encoding to TS1/3 on input line 303.
Package textcomp Info: Setting dayroms sub-encoding to TS1/3 on input line 304.

Package textcomp Info: Setting pxr sub-encoding to TS1/0 on input line 305.
Package textcomp Info: Setting pxss sub-encoding to TS1/0 on input line 306.
Package textcomp Info: Setting pxtt sub-encoding to TS1/0 on input line 307.
Package textcomp Info: Setting txr sub-encoding to TS1/0 on input line 308.
Package textcomp Info: Setting txss sub-encoding to TS1/0 on input line 309.
Package textcomp Info: Setting txtt sub-encoding to TS1/0 on input line 310.
Package textcomp Info: Setting lmr sub-encoding to TS1/0 on input line 311.
Package textcomp Info: Setting lmdh sub-encoding to TS1/0 on input line 312.
Package textcomp Info: Setting lmss sub-encoding to TS1/0 on input line 313.
Package textcomp Info: Setting lmssq sub-encoding to TS1/0 on input line 314.
Package textcomp Info: Setting lmvtt sub-encoding to TS1/0 on input line 315.
Package textcomp Info: Setting qhv sub-encoding to TS1/0 on input line 316.
Package textcomp Info: Setting qag sub-encoding to TS1/0 on input line 317.
Package textcomp Info: Setting qbk sub-encoding to TS1/0 on input line 318.
Package textcomp Info: Setting qcr sub-encoding to TS1/0 on input line 319.
Package textcomp Info: Setting qcs sub-encoding to TS1/0 on input line 320.
Package textcomp Info: Setting qpl sub-encoding to TS1/0 on input line 321.
Package textcomp Info: Setting qtm sub-encoding to TS1/0 on input line 322.
Package textcomp Info: Setting qzc sub-encoding to TS1/0 on input line 323.
Package textcomp Info: Setting qhvc sub-encoding to TS1/0 on input line 324.
Package textcomp Info: Setting futs sub-encoding to TS1/4 on input line 325.
Package textcomp Info: Setting futx sub-encoding to TS1/4 on input line 326.
Package textcomp Info: Setting futj sub-encoding to TS1/4 on input line 327.
Package textcomp Info: Setting hlh sub-encoding to TS1/3 on input line 328.
Package textcomp Info: Setting hls sub-encoding to TS1/3 on input line 329.
Package textcomp Info: Setting hlst sub-encoding to TS1/3 on input line 330.
Package textcomp Info: Setting hlct sub-encoding to TS1/5 on input line 331.
Package textcomp Info: Setting hlx sub-encoding to TS1/5 on input line 332.
Package textcomp Info: Setting hlce sub-encoding to TS1/5 on input line 333.
Package textcomp Info: Setting hlcn sub-encoding to TS1/5 on input line 334.
Package textcomp Info: Setting hlcw sub-encoding to TS1/5 on input line 335.
Package textcomp Info: Setting hlcf sub-encoding to TS1/5 on input line 336.
Package textcomp Info: Setting pplx sub-encoding to TS1/3 on input line 337.
Package textcomp Info: Setting pplj sub-encoding to TS1/3 on input line 338.
Package textcomp Info: Setting ptmx sub-encoding to TS1/4 on input line 339.
Package textcomp Info: Setting ptmj sub-encoding to TS1/4 on input line 340.
)
(/usr/local/texlive/2014/texmf-dist/tex/latex/l3packages/xparse/xparse.sty
Package: xparse 2014/05/05 v4740 L3 Experimental document command parser
\l__xparse_current_arg_int=\count136
\l__xparse_m_args_int=\count137
\l__xparse_mandatory_args_int=\count138
\l__xparse_processor_int=\count139
\l__xparse_v_nesting_int=\count140
)
(/usr/local/texlive/2014/texmf-dist/tex/latex/l3packages/xtemplate/xtemplate.st
y
Package: xtemplate 2014/05/05 v4740 L3 Experimental prototype document function
s
\l__xtemplate_tmp_dim=\dimen164
\l__xtemplate_tmp_int=\count141
\l__xtemplate_tmp_muskip=\muskip17
\l__xtemplate_tmp_skip=\skip60
Variant \prop_get:NoNTF already defined; not changing it on line 106
Variant \prop_get:NoNT already defined; not changing it on line 107
Variant \prop_get:NoNF already defined; not changing it on line 108
)
Package: xfrac 2014/05/04 v4728 L3 Experimental split-level fractions
\l__xfrac_slash_box=\box44
\l__xfrac_tmp_box=\box45
\l__xfrac_denominator_bot_sep_dim=\dimen165
\l__xfrac_numerator_bot_sep_dim=\dimen166
\l__xfrac_numerator_top_sep_dim=\dimen167
\l__xfrac_slash_left_sep_dim=\dimen168
\l__xfrac_slash_right_sep_dim=\dimen169
\l__xfrac_slash_left_muskip=\muskip18
\l__xfrac_slash_right_muskip=\muskip19
.................................................
. xtemplate info: "declare-object-type"
. 
. Declaring object type 'xfrac' taking 3 argument(s) on line 96.
.................................................
.................................................
. LaTeX info: "xparse/define-command"
. 
. Defining document command \sfrac with arg. spec. 'omom' on line 436.
.................................................
) (/usr/local/texlive/2014/texmf-dist/tex/latex/was/gensymb.sty
Package: gensymb 2003/07/02 v1.0 (WaS)
)
(./ME512-HW3_LAMPE.aux)
\openout1 = `ME512-HW3_LAMPE.aux'.

LaTeX Font Info:    Checking defaults for OML/cmm/m/it on input line 20.
LaTeX Font Info:    ... okay on input line 20.
LaTeX Font Info:    Checking defaults for T1/cmr/m/n on input line 20.
LaTeX Font Info:    ... okay on input line 20.
LaTeX Font Info:    Checking defaults for OT1/cmr/m/n on input line 20.
LaTeX Font Info:    ... okay on input line 20.
LaTeX Font Info:    Checking defaults for OMS/cmsy/m/n on input line 20.
LaTeX Font Info:    ... okay on input line 20.
LaTeX Font Info:    Checking defaults for OMX/cmex/m/n on input line 20.
LaTeX Font Info:    ... okay on input line 20.
LaTeX Font Info:    Checking defaults for U/cmr/m/n on input line 20.
LaTeX Font Info:    ... okay on input line 20.
LaTeX Font Info:    Checking defaults for TS1/cmr/m/n on input line 20.
LaTeX Font Info:    Try loading font information for TS1+cmr on input line 20.

(/usr/local/texlive/2014/texmf-dist/tex/latex/base/ts1cmr.fd
File: ts1cmr.fd 1999/05/25 v2.5h Standard LaTeX font definitions
)
LaTeX Font Info:    ... okay on input line 20.

*geometry* driver: auto-detecting
*geometry* detected driver: pdftex
*geometry* verbose mode - [ preamble ] result:
* driver: pdftex
* paper: letterpaper
* layout: <same size as paper>
* layoutoffset:(h,v)=(0.0pt,0.0pt)
* modes: 
* h-part:(L,W,R)=(72.26999pt, 469.75502pt, 72.26999pt)
* v-part:(T,H,B)=(72.26999pt, 650.43001pt, 72.26999pt)
* \paperwidth=614.295pt
* \paperheight=794.96999pt
* \textwidth=469.75502pt
* \textheight=650.43001pt
* \oddsidemargin=0.0pt
* \evensidemargin=0.0pt
* \topmargin=-37.0pt
* \headheight=12.0pt
* \headsep=25.0pt
* \topskip=10.0pt
* \footskip=30.0pt
* \marginparwidth=65.0pt
* \marginparsep=11.0pt
* \columnsep=10.0pt
* \skip\footins=9.0pt plus 4.0pt minus 2.0pt
* \hoffset=0.0pt
* \voffset=0.0pt
* \mag=1000
* \@twocolumnfalse
* \@twosidefalse
* \@mparswitchfalse
* \@reversemarginfalse
* (1in=72.27pt=25.4mm, 1cm=28.453pt)

(/usr/local/texlive/2014/texmf-dist/tex/context/base/supp-pdf.mkii
[Loading MPS to PDF converter (version 2006.09.02).]
\scratchcounter=\count142
\scratchdimen=\dimen170
\scratchbox=\box46
\nofMPsegments=\count143
\nofMParguments=\count144
\everyMPshowfont=\toks33
\MPscratchCnt=\count145
\MPscratchDim=\dimen171
\MPnumerator=\count146
\makeMPintoPDFobject=\count147
\everyMPtoPDFconversion=\toks34
) (/usr/local/texlive/2014/texmf-dist/tex/generic/oberdiek/pdftexcmds.sty
Package: pdftexcmds 2011/11/29 v0.20 Utility functions of pdfTeX for LuaTeX (HO
)

(/usr/local/texlive/2014/texmf-dist/tex/generic/oberdiek/ifluatex.sty
Package: ifluatex 2010/03/01 v1.3 Provides the ifluatex switch (HO)
Package ifluatex Info: LuaTeX not detected.
)
Package pdftexcmds Info: LuaTeX not detected.
Package pdftexcmds Info: \pdf@primitive is available.
Package pdftexcmds Info: \pdf@ifprimitive is available.
Package pdftexcmds Info: \pdfdraftmode found.
)
(/usr/local/texlive/2014/texmf-dist/tex/latex/oberdiek/epstopdf-base.sty
Package: epstopdf-base 2010/02/09 v2.5 Base part for package epstopdf

(/usr/local/texlive/2014/texmf-dist/tex/latex/oberdiek/grfext.sty
Package: grfext 2010/08/19 v1.1 Manage graphics extensions (HO)

(/usr/local/texlive/2014/texmf-dist/tex/generic/oberdiek/kvdefinekeys.sty
Package: kvdefinekeys 2011/04/07 v1.3 Define keys (HO)
))
(/usr/local/texlive/2014/texmf-dist/tex/latex/oberdiek/kvoptions.sty
Package: kvoptions 2011/06/30 v3.11 Key value format for package options (HO)

(/usr/local/texlive/2014/texmf-dist/tex/generic/oberdiek/kvsetkeys.sty
Package: kvsetkeys 2012/04/25 v1.16 Key value parser (HO)

(/usr/local/texlive/2014/texmf-dist/tex/generic/oberdiek/etexcmds.sty
Package: etexcmds 2011/02/16 v1.5 Avoid name clashes with e-TeX commands (HO)
Package etexcmds Info: Could not find \expanded.
(etexcmds)             That can mean that you are not using pdfTeX 1.50 or
(etexcmds)             that some package has redefined \expanded.
(etexcmds)             In the latter case, load this package earlier.
)))
Package grfext Info: Graphics extension search list:
(grfext)             [.png,.pdf,.jpg,.mps,.jpeg,.jbig2,.jb2,.PNG,.PDF,.JPG,.JPE
G,.JBIG2,.JB2,.eps]
(grfext)             \AppendGraphicsExtensions on input line 452.

(/usr/local/texlive/2014/texmf-dist/tex/latex/latexconfig/epstopdf-sys.cfg
File: epstopdf-sys.cfg 2010/07/13 v1.3 Configuration of (r)epstopdf for TeX Liv
e
))
\symgns@font=\mathgroup9
LaTeX Font Info:    Overwriting symbol font `gns@font' in version `bold'
(Font)                  TS1/cmr/m/n --> TS1/cmr/bx/n on input line 20.
Package gensymb Info: Math companion symbols declared on input line 20.
LaTeX Info: Redefining \degree on input line 20.
LaTeX Info: Redefining \celsius on input line 20.
Package gensymb Info: Using text companion symbols for \degree, \celsius and \p
erthousand on input line 20.
LaTeX Info: Redefining \ohm on input line 20.
Package gensymb Info: Using \textohm for \ohm on input line 20.
Package gensymb Info: Using \textmu for \micro on input line 20.
LaTeX Font Info:    Try loading font information for U+msa on input line 30.

(/usr/local/texlive/2014/texmf-dist/tex/latex/amsfonts/umsa.fd
File: umsa.fd 2013/01/14 v3.01 AMS symbols A
)
LaTeX Font Info:    Try loading font information for U+msb on input line 30.

(/usr/local/texlive/2014/texmf-dist/tex/latex/amsfonts/umsb.fd
File: umsb.fd 2013/01/14 v3.01 AMS symbols B
) [1

{/usr/local/texlive/2014/texmf-var/fonts/map/pdftex/updmap/pdftex.map}] [2] [3]
LaTeX Font Info:    Calculating math sizes for size <6.99997> on input line 297
.


LaTeX Font Warning: Font shape `OT1/cmr/m/n' in size <3.49998> not available
(Font)              size <5> substituted on input line 297.


LaTeX Font Warning: Font shape `OML/cmm/m/it' in size <3.49998> not available
(Font)              size <5> substituted on input line 297.


LaTeX Font Warning: Font shape `OMS/cmsy/m/n' in size <3.49998> not available
(Font)              size <5> substituted on input line 297.


LaTeX Font Warning: Font shape `OT1/cmr/m/it' in size <3.49998> not available
(Font)              size <5> substituted on input line 297.


LaTeX Font Warning: Font shape `OT1/cmr/bx/n' in size <3.49998> not available
(Font)              size <5> substituted on input line 297.


LaTeX Font Warning: Font shape `OML/cmm/b/it' in size <3.49998> not available
(Font)              size <5> substituted on input line 297.


LaTeX Font Warning: Font shape `OMS/cmsy/b/n' in size <3.49998> not available
(Font)              size <5> substituted on input line 297.


LaTeX Font Warning: Font shape `TS1/cmr/m/n' in size <3.49998> not available
(Font)              size <5> substituted on input line 297.

[4] [5] [6] (./ME512-HW3_LAMPE.aux)

LaTeX Font Warning: Size substitutions with differences
(Font)              up to 3.25002pt have occurred.

 ) 
Here is how much of TeX's memory you used:
 10621 strings out of 493117
 192459 string characters out of 6135433
 262858 words of memory out of 5000000
 13934 multiletter control sequences out of 15000+600000
 29945 words of font info for 111 fonts, out of 8000000 for 9000
 1141 hyphenation exceptions out of 8191
 40i,18n,37p,10446b,412s stack positions out of 5000i,500n,10000p,200000b,80000s
{/usr/local/texlive/2014/texmf-dist/fonts/enc/dvips/cm-super/cm-super-ts1.enc
}</usr/local/texlive/2014/texmf-dist/fonts/type1/public/amsfonts/cm/cmbsy10.pfb
></usr/local/texlive/2014/texmf-dist/fonts/type1/public/amsfonts/cm/cmbx10.pfb>
</usr/local/texlive/2014/texmf-dist/fonts/type1/public/amsfonts/cm/cmbx12.pfb><
/usr/local/texlive/2014/texmf-dist/fonts/type1/public/amsfonts/cm/cmbx7.pfb></u
sr/local/texlive/2014/texmf-dist/fonts/type1/public/amsfonts/cm/cmex10.pfb></us
r/local/texlive/2014/texmf-dist/fonts/type1/public/amsfonts/cm/cmmi10.pfb></usr
/local/texlive/2014/texmf-dist/fonts/type1/public/amsfonts/cm/cmmi12.pfb></usr/
local/texlive/2014/texmf-dist/fonts/type1/public/amsfonts/cm/cmmi7.pfb></usr/lo
cal/texlive/2014/texmf-dist/fonts/type1/public/amsfonts/cm/cmmi8.pfb></usr/loca
l/texlive/2014/texmf-dist/fonts/type1/public/amsfonts/cm/cmmib10.pfb></usr/loca
l/texlive/2014/texmf-dist/fonts/type1/public/amsfonts/cmextra/cmmib7.pfb></usr/
local/texlive/2014/texmf-dist/fonts/type1/public/amsfonts/cmextra/cmmib8.pfb></
usr/local/texlive/2014/texmf-dist/fonts/type1/public/amsfonts/cm/cmr10.pfb></us
r/local/texlive/2014/texmf-dist/fonts/type1/public/amsfonts/cm/cmr12.pfb></usr/
local/texlive/2014/texmf-dist/fonts/type1/public/amsfonts/cm/cmr17.pfb></usr/lo
cal/texlive/2014/texmf-dist/fonts/type1/public/amsfonts/cm/cmr7.pfb></usr/local
/texlive/2014/texmf-dist/fonts/type1/public/amsfonts/cm/cmsy10.pfb></usr/local/
texlive/2014/texmf-dist/fonts/type1/public/amsfonts/cm/cmsy7.pfb></usr/local/te
xlive/2014/texmf-dist/fonts/type1/public/amsfonts/cm/cmsy8.pfb></usr/local/texl
ive/2014/texmf-dist/fonts/type1/public/amsfonts/cm/cmti10.pfb></usr/local/texli
ve/2014/texmf-dist/fonts/type1/public/cm-super/sfrm1000.pfb>
Output written on ME512-HW3_LAMPE.pdf (6 pages, 219444 bytes).
PDF statistics:
 108 PDF objects out of 1000 (max. 8388607)
 78 compressed objects within 1 object stream
 0 named destinations out of 1000 (max. 500000)
 1 words of extra memory for PDF output out of 10000 (max. 10000000)

