This is pdfTeX, Version 3.14159265-2.6-1.40.15 (TeX Live 2014) (preloaded format=pdflatex 2014.6.17)  7 OCT 2014 07:45
entering extended mode
 restricted \write18 enabled.
 %&-line parsing enabled.
**ADA1_HW03.tex
(./ADA1_HW03.tex
LaTeX2e <2014/05/01>
Babel <3.9k> and hyphenation patterns for 78 languages loaded.
(/usr/local/texlive/2014/texmf-dist/tex/latex/base/article.cls
Document Class: article 2007/10/19 v1.4h Standard LaTeX document class
(/usr/local/texlive/2014/texmf-dist/tex/latex/base/size10.clo
File: size10.clo 2007/10/19 v1.4h Standard LaTeX file (size option)
)
\c@part=\count79
\c@section=\count80
\c@subsection=\count81
\c@subsubsection=\count82
\c@paragraph=\count83
\c@subparagraph=\count84
\c@figure=\count85
\c@table=\count86
\abovecaptionskip=\skip41
\belowcaptionskip=\skip42
\bibindent=\dimen102
)
(/usr/local/texlive/2014/texmf-dist/tex/latex/graphics/graphicx.sty
Package: graphicx 2014/04/25 v1.0g Enhanced LaTeX Graphics (DPC,SPQR)

(/usr/local/texlive/2014/texmf-dist/tex/latex/graphics/keyval.sty
Package: keyval 2014/05/08 v1.15 key=value parser (DPC)
\KV@toks@=\toks14
)
(/usr/local/texlive/2014/texmf-dist/tex/latex/graphics/graphics.sty
Package: graphics 2009/02/05 v1.0o Standard LaTeX Graphics (DPC,SPQR)

(/usr/local/texlive/2014/texmf-dist/tex/latex/graphics/trig.sty
Package: trig 1999/03/16 v1.09 sin cos tan (DPC)
)
(/usr/local/texlive/2014/texmf-dist/tex/latex/latexconfig/graphics.cfg
File: graphics.cfg 2010/04/23 v1.9 graphics configuration of TeX Live
)
Package graphics Info: Driver file: pdftex.def on input line 91.

(/usr/local/texlive/2014/texmf-dist/tex/latex/pdftex-def/pdftex.def
File: pdftex.def 2011/05/27 v0.06d Graphics/color for pdfTeX

(/usr/local/texlive/2014/texmf-dist/tex/generic/oberdiek/infwarerr.sty
Package: infwarerr 2010/04/08 v1.3 Providing info/warning/error messages (HO)
)
(/usr/local/texlive/2014/texmf-dist/tex/generic/oberdiek/ltxcmds.sty
Package: ltxcmds 2011/11/09 v1.22 LaTeX kernel commands for general use (HO)
)
\Gread@gobject=\count87
))
\Gin@req@height=\dimen103
\Gin@req@width=\dimen104
)
(/usr/local/texlive/2014/texmf-dist/tex/latex/graphics/color.sty
Package: color 2014/04/23 v1.1a Standard LaTeX Color (DPC)

(/usr/local/texlive/2014/texmf-dist/tex/latex/latexconfig/color.cfg
File: color.cfg 2007/01/18 v1.5 color configuration of teTeX/TeXLive
)
Package color Info: Driver file: pdftex.def on input line 137.
)
(/usr/local/texlive/2014/texmf-dist/tex/latex/framed/framed.sty
Package: framed 2011/10/22 v 0.96: framed or shaded text with page breaks
\OuterFrameSep=\skip43
\fb@frw=\dimen105
\fb@frh=\dimen106
\FrameRule=\dimen107
\FrameSep=\dimen108
)
(/usr/local/texlive/2014/texmf-dist/tex/latex/base/alltt.sty
Package: alltt 1997/06/16 v2.0g defines alltt environment
)
(/usr/local/texlive/2014/texmf-dist/tex/latex/geometry/geometry.sty
Package: geometry 2010/09/12 v5.6 Page Geometry

(/usr/local/texlive/2014/texmf-dist/tex/generic/oberdiek/ifpdf.sty
Package: ifpdf 2011/01/30 v2.3 Provides the ifpdf switch (HO)
Package ifpdf Info: pdfTeX in PDF mode is detected.
)
(/usr/local/texlive/2014/texmf-dist/tex/generic/oberdiek/ifvtex.sty
Package: ifvtex 2010/03/01 v1.5 Detect VTeX and its facilities (HO)
Package ifvtex Info: VTeX not detected.
)
(/usr/local/texlive/2014/texmf-dist/tex/generic/ifxetex/ifxetex.sty
Package: ifxetex 2010/09/12 v0.6 Provides ifxetex conditional
)
\Gm@cnth=\count88
\Gm@cntv=\count89
\c@Gm@tempcnt=\count90
\Gm@bindingoffset=\dimen109
\Gm@wd@mp=\dimen110
\Gm@odd@mp=\dimen111
\Gm@even@mp=\dimen112
\Gm@layoutwidth=\dimen113
\Gm@layoutheight=\dimen114
\Gm@layouthoffset=\dimen115
\Gm@layoutvoffset=\dimen116
\Gm@dimlist=\toks15
)
(/usr/local/texlive/2014/texmf-dist/tex/latex/float/float.sty
Package: float 2001/11/08 v1.3d Float enhancements (AL)
\c@float@type=\count91
\float@exts=\toks16
\float@box=\box26
\@float@everytoks=\toks17
\@floatcapt=\box27
)
(/usr/local/texlive/2014/texmf-dist/tex/latex/enumitem/enumitem.sty
Package: enumitem 2011/09/28 v3.5.2 Customized lists
\labelindent=\skip44
\enit@outerparindent=\dimen117
\enit@toks=\toks18
\enit@inbox=\box28
\enitdp@description=\count92
)
(/usr/local/texlive/2014/texmf-dist/tex/latex/amsmath/amsmath.sty
Package: amsmath 2013/01/14 v2.14 AMS math features
\@mathmargin=\skip45

For additional information on amsmath, use the `?' option.
(/usr/local/texlive/2014/texmf-dist/tex/latex/amsmath/amstext.sty
Package: amstext 2000/06/29 v2.01

(/usr/local/texlive/2014/texmf-dist/tex/latex/amsmath/amsgen.sty
File: amsgen.sty 1999/11/30 v2.0
\@emptytoks=\toks19
\ex@=\dimen118
))
(/usr/local/texlive/2014/texmf-dist/tex/latex/amsmath/amsbsy.sty
Package: amsbsy 1999/11/29 v1.2d
\pmbraise@=\dimen119
)
(/usr/local/texlive/2014/texmf-dist/tex/latex/amsmath/amsopn.sty
Package: amsopn 1999/12/14 v2.01 operator names
)
\inf@bad=\count93
LaTeX Info: Redefining \frac on input line 210.
\uproot@=\count94
\leftroot@=\count95
LaTeX Info: Redefining \overline on input line 306.
\classnum@=\count96
\DOTSCASE@=\count97
LaTeX Info: Redefining \ldots on input line 378.
LaTeX Info: Redefining \dots on input line 381.
LaTeX Info: Redefining \cdots on input line 466.
\Mathstrutbox@=\box29
\strutbox@=\box30
\big@size=\dimen120
LaTeX Font Info:    Redeclaring font encoding OML on input line 566.
LaTeX Font Info:    Redeclaring font encoding OMS on input line 567.
\macc@depth=\count98
\c@MaxMatrixCols=\count99
\dotsspace@=\muskip10
\c@parentequation=\count100
\dspbrk@lvl=\count101
\tag@help=\toks20
\row@=\count102
\column@=\count103
\maxfields@=\count104
\andhelp@=\toks21
\eqnshift@=\dimen121
\alignsep@=\dimen122
\tagshift@=\dimen123
\tagwidth@=\dimen124
\totwidth@=\dimen125
\lineht@=\dimen126
\@envbody=\toks22
\multlinegap=\skip46
\multlinetaggap=\skip47
\mathdisplay@stack=\toks23
LaTeX Info: Redefining \[ on input line 2665.
LaTeX Info: Redefining \] on input line 2666.
)
(/usr/local/texlive/2014/texmf-dist/tex/latex/upquote/upquote.sty
Package: upquote 2012/04/19 v1.3 upright-quote and grave-accent glyphs in verba
tim
)
(./ADA1_HW03.aux)
\openout1 = `ADA1_HW03.aux'.

LaTeX Font Info:    Checking defaults for OML/cmm/m/it on input line 63.
LaTeX Font Info:    ... okay on input line 63.
LaTeX Font Info:    Checking defaults for T1/cmr/m/n on input line 63.
LaTeX Font Info:    ... okay on input line 63.
LaTeX Font Info:    Checking defaults for OT1/cmr/m/n on input line 63.
LaTeX Font Info:    ... okay on input line 63.
LaTeX Font Info:    Checking defaults for OMS/cmsy/m/n on input line 63.
LaTeX Font Info:    ... okay on input line 63.
LaTeX Font Info:    Checking defaults for OMX/cmex/m/n on input line 63.
LaTeX Font Info:    ... okay on input line 63.
LaTeX Font Info:    Checking defaults for U/cmr/m/n on input line 63.
LaTeX Font Info:    ... okay on input line 63.

(/usr/local/texlive/2014/texmf-dist/tex/context/base/supp-pdf.mkii
[Loading MPS to PDF converter (version 2006.09.02).]
\scratchcounter=\count105
\scratchdimen=\dimen127
\scratchbox=\box31
\nofMPsegments=\count106
\nofMParguments=\count107
\everyMPshowfont=\toks24
\MPscratchCnt=\count108
\MPscratchDim=\dimen128
\MPnumerator=\count109
\makeMPintoPDFobject=\count110
\everyMPtoPDFconversion=\toks25
) (/usr/local/texlive/2014/texmf-dist/tex/generic/oberdiek/pdftexcmds.sty
Package: pdftexcmds 2011/11/29 v0.20 Utility functions of pdfTeX for LuaTeX (HO
)

(/usr/local/texlive/2014/texmf-dist/tex/generic/oberdiek/ifluatex.sty
Package: ifluatex 2010/03/01 v1.3 Provides the ifluatex switch (HO)
Package ifluatex Info: LuaTeX not detected.
)
Package pdftexcmds Info: LuaTeX not detected.
Package pdftexcmds Info: \pdf@primitive is available.
Package pdftexcmds Info: \pdf@ifprimitive is available.
Package pdftexcmds Info: \pdfdraftmode found.
)
(/usr/local/texlive/2014/texmf-dist/tex/latex/oberdiek/epstopdf-base.sty
Package: epstopdf-base 2010/02/09 v2.5 Base part for package epstopdf

(/usr/local/texlive/2014/texmf-dist/tex/latex/oberdiek/grfext.sty
Package: grfext 2010/08/19 v1.1 Manage graphics extensions (HO)

(/usr/local/texlive/2014/texmf-dist/tex/generic/oberdiek/kvdefinekeys.sty
Package: kvdefinekeys 2011/04/07 v1.3 Define keys (HO)
))
(/usr/local/texlive/2014/texmf-dist/tex/latex/oberdiek/kvoptions.sty
Package: kvoptions 2011/06/30 v3.11 Key value format for package options (HO)

(/usr/local/texlive/2014/texmf-dist/tex/generic/oberdiek/kvsetkeys.sty
Package: kvsetkeys 2012/04/25 v1.16 Key value parser (HO)

(/usr/local/texlive/2014/texmf-dist/tex/generic/oberdiek/etexcmds.sty
Package: etexcmds 2011/02/16 v1.5 Avoid name clashes with e-TeX commands (HO)
Package etexcmds Info: Could not find \expanded.
(etexcmds)             That can mean that you are not using pdfTeX 1.50 or
(etexcmds)             that some package has redefined \expanded.
(etexcmds)             In the latter case, load this package earlier.
)))
Package grfext Info: Graphics extension search list:
(grfext)             [.png,.pdf,.jpg,.mps,.jpeg,.jbig2,.jb2,.PNG,.PDF,.JPG,.JPE
G,.JBIG2,.JB2,.eps]
(grfext)             \AppendGraphicsExtensions on input line 452.

(/usr/local/texlive/2014/texmf-dist/tex/latex/latexconfig/epstopdf-sys.cfg
File: epstopdf-sys.cfg 2010/07/13 v1.3 Configuration of (r)epstopdf for TeX Liv
e
))
*geometry* driver: auto-detecting
*geometry* detected driver: pdftex
*geometry* verbose mode - [ preamble ] result:
* driver: pdftex
* paper: <default>
* layout: <same size as paper>
* layoutoffset:(h,v)=(0.0pt,0.0pt)
* modes: 
* h-part:(L,W,R)=(72.26999pt, 469.75502pt, 72.26999pt)
* v-part:(T,H,B)=(72.26999pt, 650.43001pt, 72.26999pt)
* \paperwidth=614.295pt
* \paperheight=794.96999pt
* \textwidth=469.75502pt
* \textheight=650.43001pt
* \oddsidemargin=0.0pt
* \evensidemargin=0.0pt
* \topmargin=-37.0pt
* \headheight=12.0pt
* \headsep=25.0pt
* \topskip=10.0pt
* \footskip=30.0pt
* \marginparwidth=65.0pt
* \marginparsep=11.0pt
* \columnsep=10.0pt
* \skip\footins=9.0pt plus 4.0pt minus 2.0pt
* \hoffset=0.0pt
* \voffset=0.0pt
* \mag=1000
* \@twocolumnfalse
* \@twosidefalse
* \@mparswitchfalse
* \@reversemarginfalse
* (1in=72.27pt=25.4mm, 1cm=28.453pt)

Package color Info: Redefining color shadecolor on input line 73.
LaTeX Font Info:    Font shape `OT1/cmtt/bx/n' in size <10> not available
(Font)              Font shape `OT1/cmtt/m/n' tried instead on input line 76.
Package color Info: Redefining color shadecolor on input line 98.
Package color Info: Redefining color shadecolor on input line 118.
<figure/1a_data_unseed_plot.pdf, id=1, 289.08pt x 289.08pt>
File: figure/1a_data_unseed_plot.pdf Graphic file (type pdf)

<use figure/1a_data_unseed_plot.pdf>
Package pdftex.def Info: figure/1a_data_unseed_plot.pdf used on input line 124.

(pdftex.def)             Requested size: 289.07928pt x 289.09251pt.
 [1

{/usr/local/texlive/2014/texmf-var/fonts/map/pdftex/updmap/pdftex.map}]
Package color Info: Redefining color shadecolor on input line 132.

<figure/1a_qq_unseed.pdf, id=13, 216.81pt x 216.81pt>
File: figure/1a_qq_unseed.pdf Graphic file (type pdf)

<use figure/1a_qq_unseed.pdf>
Package pdftex.def Info: figure/1a_qq_unseed.pdf used on input line 138.
(pdftex.def)             Requested size: 216.80946pt x 216.81938pt.
LaTeX Font Info:    Try loading font information for OMS+cmr on input line 145.


(/usr/local/texlive/2014/texmf-dist/tex/latex/base/omscmr.fd
File: omscmr.fd 1999/05/25 v2.5h Standard LaTeX font definitions
)
LaTeX Font Info:    Font shape `OMS/cmr/m/n' in size <10> not available
(Font)              Font shape `OMS/cmsy/m/n' tried instead on input line 145.
 [2 <./figure/1a_data_unseed_plot.pdf> <./figure/1a_qq_unseed.pdf>]
Package color Info: Redefining color shadecolor on input line 152.

<figure/1a_boot_unseed.pdf, id=28, 361.35pt x 289.08pt>
File: figure/1a_boot_unseed.pdf Graphic file (type pdf)

<use figure/1a_boot_unseed.pdf>
Package pdftex.def Info: figure/1a_boot_unseed.pdf used on input line 157.
(pdftex.def)             Requested size: 361.34912pt x 289.07928pt.
Package color Info: Redefining color shadecolor on input line 167.

Overfull \hbox (35.9767pt too wide) in paragraph at lines 176--176
[][]\OT1/cmtt/m/n/10 Samp.box[] []<-[] []ggplot[][](unseed.samp.df,[] []aes[][]
([][]x[] []=[] []"Precipitation"[][],[][]y[] []= unseed.samp))[] []\OT1/cmtt/m/
it/10 # boxplot of Precip[][] 
 []

Package color Info: Redefining color shadecolor on input line 187.
<figure/1a_box_unseed_plot.pdf, id=29, 361.35pt x 289.08pt>
File: figure/1a_box_unseed_plot.pdf Graphic file (type pdf)

<use figure/1a_box_unseed_plot.pdf>
Package pdftex.def Info: figure/1a_box_unseed_plot.pdf used on input line 193.
(pdftex.def)             Requested size: 361.34912pt x 289.07928pt.
 [3 <./figure/1a_boot_unseed.pdf>]
Package color Info: Redefining color shadecolor on input line 200.

<figure/1a_qq_unseedsamp.pdf, id=39, 216.81pt x 216.81pt>
File: figure/1a_qq_unseedsamp.pdf Graphic file (type pdf)

<use figure/1a_qq_unseedsamp.pdf>
Package pdftex.def Info: figure/1a_qq_unseedsamp.pdf used on input line 206.
(pdftex.def)             Requested size: 216.80946pt x 216.81938pt.
 [4 <./figure/1a_box_unseed_plot.pdf> <./figure/1a_qq_unseedsamp.pdf>]
Package color Info: Redefining color shadecolor on input line 220.
Package color Info: Redefining color shadecolor on input line 240.

<figure/1a_data_seed_plot.pdf, id=53, 289.08pt x 289.08pt>
File: figure/1a_data_seed_plot.pdf Graphic file (type pdf)

<use figure/1a_data_seed_plot.pdf>
Package pdftex.def Info: figure/1a_data_seed_plot.pdf used on input line 246.
(pdftex.def)             Requested size: 289.07928pt x 289.09251pt.
Package color Info: Redefining color shadecolor on input line 254.

<figure/1a_qq_seed.pdf, id=54, 216.81pt x 216.81pt>
File: figure/1a_qq_seed.pdf Graphic file (type pdf)

<use figure/1a_qq_seed.pdf>
Package pdftex.def Info: figure/1a_qq_seed.pdf used on input line 264.
(pdftex.def)             Requested size: 216.80946pt x 216.81938pt.
 [5 <./figure/1a_data_seed_plot.pdf>]
Package color Info: Redefining color shadecolor on input line 278.

<figure/1a_boot_seed.pdf, id=63, 361.35pt x 289.08pt>
File: figure/1a_boot_seed.pdf Graphic file (type pdf)

<use figure/1a_boot_seed.pdf>
Package pdftex.def Info: figure/1a_boot_seed.pdf used on input line 283.
(pdftex.def)             Requested size: 361.34912pt x 289.07928pt.
 [6 <./figure/1a_qq_seed.pdf>]
Package color Info: Redefining color shadecolor on input line 293.

Overfull \hbox (13.24077pt too wide) in paragraph at lines 299--299
[][]\OT1/cmtt/m/n/10 Samp.hist.seed[] []<-[] []Samp.hist.seed[] []+[] []labs[][
]([][]title[] []=[] []"Precipitation, Bootstrap Sample of Seeded"[][])[][] 
 []


Overfull \hbox (41.22665pt too wide) in paragraph at lines 302--302
[][]\OT1/cmtt/m/n/10 Samp.box.seed[] []<-[] []ggplot[][](seed.samp.df,[] []aes[
][]([][]x[] []=[] []"Precipitation"[][],[][]y[] []= seed.samp))[] []\OT1/cmtt/m
/it/10 # boxplot of Precip[][] 
 []

Package color Info: Redefining color shadecolor on input line 313.
<figure/1a_box_seed_plot.pdf, id=72, 361.35pt x 289.08pt>
File: figure/1a_box_seed_plot.pdf Graphic file (type pdf)

<use figure/1a_box_seed_plot.pdf>
Package pdftex.def Info: figure/1a_box_seed_plot.pdf used on input line 319.
(pdftex.def)             Requested size: 361.34912pt x 289.07928pt.
 [7 <./figure/1a_boot_seed.pdf>]
Package color Info: Redefining color shadecolor on input line 326.

<figure/1a_qq_seedsamp.pdf, id=83, 216.81pt x 216.81pt>
File: figure/1a_qq_seedsamp.pdf Graphic file (type pdf)

<use figure/1a_qq_seedsamp.pdf>
Package pdftex.def Info: figure/1a_qq_seedsamp.pdf used on input line 332.
(pdftex.def)             Requested size: 216.80946pt x 216.81938pt.
Package color Info: Redefining color shadecolor on input line 348.

<figure/1a_data_LogUS.pdf, id=84, 289.08pt x 289.08pt>
File: figure/1a_data_LogUS.pdf Graphic file (type pdf)

<use figure/1a_data_LogUS.pdf>
Package pdftex.def Info: figure/1a_data_LogUS.pdf used on input line 367.
(pdftex.def)             Requested size: 289.07928pt x 289.09251pt.
 [8 <./figure/1a_box_seed_plot.pdf> <./figure/1a_qq_seedsamp.pdf>]
Package color Info: Redefining color shadecolor on input line 375.
 <figure/1a_qq_LogUS.pdf, id=98, 216.81pt x 216.81pt>
File: figure/1a_qq_LogUS.pdf Graphic file (type pdf)

<use figure/1a_qq_LogUS.pdf>
Package pdftex.def Info: figure/1a_qq_LogUS.pdf used on input line 381.
(pdftex.def)             Requested size: 216.80946pt x 216.81938pt.
 [9 <./figure/1a_data_LogUS.pdf>]
Package color Info: Redefining color shadecolor on input line 393.

<figure/1a_boot_LogUS.pdf, id=107, 361.35pt x 289.08pt>
File: figure/1a_boot_LogUS.pdf Graphic file (type pdf)

<use figure/1a_boot_LogUS.pdf>
Package pdftex.def Info: figure/1a_boot_LogUS.pdf used on input line 398.
(pdftex.def)             Requested size: 361.34912pt x 289.07928pt.
 [10 <./figure/1a_qq_LogUS.pdf>]
Package color Info: Redefining color shadecolor on input line 408.

<figure/1a_box_LogUS.pdf, id=116, 361.35pt x 289.08pt>
File: figure/1a_box_LogUS.pdf Graphic file (type pdf)

<use figure/1a_box_LogUS.pdf>
Package pdftex.def Info: figure/1a_box_LogUS.pdf used on input line 428.
(pdftex.def)             Requested size: 361.34912pt x 289.07928pt.
 [11 <./figure/1a_boot_LogUS.pdf>]
Package color Info: Redefining color shadecolor on input line 435.

<figure/1a_qq_LogUSsamp.pdf, id=126, 216.81pt x 216.81pt>
File: figure/1a_qq_LogUSsamp.pdf Graphic file (type pdf)

<use figure/1a_qq_LogUSsamp.pdf>
Package pdftex.def Info: figure/1a_qq_LogUSsamp.pdf used on input line 441.
(pdftex.def)             Requested size: 216.80946pt x 216.81938pt.
 [12 <./figure/1a_box_LogUS.pdf>]
Package color Info: Redefining color shadecolor on input line 455.
Package color Info: Redefining color shadecolor on input line 475.

<figure/1a_data_LogS_plot.pdf, id=135, 361.35pt x 289.08pt>
File: figure/1a_data_LogS_plot.pdf Graphic file (type pdf)

<use figure/1a_data_LogS_plot.pdf>
Package pdftex.def Info: figure/1a_data_LogS_plot.pdf used on input line 481.
(pdftex.def)             Requested size: 361.34912pt x 289.07928pt.
 [13 <./figure/1a_qq_LogUSsamp.pdf>]
Package color Info: Redefining color shadecolor on input line 489.

<figure/1a_qq_LogS.pdf, id=145, 216.81pt x 216.81pt>
File: figure/1a_qq_LogS.pdf Graphic file (type pdf)

<use figure/1a_qq_LogS.pdf>
Package pdftex.def Info: figure/1a_qq_LogS.pdf used on input line 495.
(pdftex.def)             Requested size: 216.80946pt x 216.81938pt.
 [14 <./figure/1a_data_LogS_plot.pdf> <./figure/1a_qq_LogS.pdf>]
Package color Info: Redefining color shadecolor on input line 507.
 <figure/1a_boot_LogS.pdf, id=159, 361.35pt x 289.08pt>
File: figure/1a_boot_LogS.pdf Graphic file (type pdf)

<use figure/1a_boot_LogS.pdf>
Package pdftex.def Info: figure/1a_boot_LogS.pdf used on input line 512.
(pdftex.def)             Requested size: 361.34912pt x 289.07928pt.
Package color Info: Redefining color shadecolor on input line 519.
Package color Info: Redefining color shadecolor on input line 542.

<figure/1a_box_LogS_plot.pdf, id=160, 361.35pt x 289.08pt>
File: figure/1a_box_LogS_plot.pdf Graphic file (type pdf)

<use figure/1a_box_LogS_plot.pdf>
Package pdftex.def Info: figure/1a_box_LogS_plot.pdf used on input line 548.
(pdftex.def)             Requested size: 361.34912pt x 289.07928pt.
 [15 <./figure/1a_boot_LogS.pdf>]
Package color Info: Redefining color shadecolor on input line 555.

<figure/1a_qq_LogSsamp.pdf, id=171, 216.81pt x 216.81pt>
File: figure/1a_qq_LogSsamp.pdf Graphic file (type pdf)

<use figure/1a_qq_LogSsamp.pdf>
Package pdftex.def Info: figure/1a_qq_LogSsamp.pdf used on input line 561.
(pdftex.def)             Requested size: 216.80946pt x 216.81938pt.
 [16 <./figure/1a_box_LogS_plot.pdf> <./figure/1a_qq_LogSsamp.pdf>]
Package color Info: Redefining color shadecolor on input line 583.
Package color Info: Redefining color shadecolor on input line 631.
 <figure/1c_bootstrap.pdf, id=185, 361.35pt x 289.08pt>
File: figure/1c_bootstrap.pdf Graphic file (type pdf)

<use figure/1c_bootstrap.pdf>
Package pdftex.def Info: figure/1c_bootstrap.pdf used on input line 637.
(pdftex.def)             Requested size: 361.34912pt x 289.07928pt.
 [17]
Package color Info: Redefining color shadecolor on input line 652.
Package color Info: Redefining color shadecolor on input line 668.
 [18 <./figure/1c_bootstrap.pdf>]
Package color Info: Redefining color shadecolor on input line 685.

<figure/2_acid1_boxplot.pdf, id=203, 361.35pt x 289.08pt>
File: figure/2_acid1_boxplot.pdf Graphic file (type pdf)

<use figure/2_acid1_boxplot.pdf>
Package pdftex.def Info: figure/2_acid1_boxplot.pdf used on input line 691.
(pdftex.def)             Requested size: 361.34912pt x 289.07928pt.
Package color Info: Redefining color shadecolor on input line 698.

<figure/2_acid1_qq.pdf, id=204, 216.81pt x 216.81pt>
File: figure/2_acid1_qq.pdf Graphic file (type pdf)

<use figure/2_acid1_qq.pdf>
Package pdftex.def Info: figure/2_acid1_qq.pdf used on input line 704.
(pdftex.def)             Requested size: 216.80946pt x 216.81938pt.
 [19 <./figure/2_acid1_boxplot.pdf>]
Package color Info: Redefining color shadecolor on input line 715.

Overfull \hbox (14.97688pt too wide) in paragraph at lines 717--717
[][]\OT1/cmtt/m/n/10 acid1.boot[] []<-[] []bs.one.samp.dist[][](acid1[][]$[][]c
onc)[]      []\OT1/cmtt/m/it/10 # plot histogram and frequency density curve[][
] 
 []

<figure/2_acid1_boot.pdf, id=214, 361.35pt x 289.08pt>
File: figure/2_acid1_boot.pdf Graphic file (type pdf)

<use figure/2_acid1_boot.pdf>
Package pdftex.def Info: figure/2_acid1_boot.pdf used on input line 720.
(pdftex.def)             Requested size: 361.34912pt x 289.07928pt.
 [20 <./figure/2_acid1_qq.pdf>]
Package color Info: Redefining color shadecolor on input line 726.

Overfull \hbox (72.72638pt too wide) in paragraph at lines 736--736
[][]\OT1/cmtt/m/n/10 acid1.box.boot[] []<-[] []ggplot[][](acid1.boot.df,[] []ae
s[][]([][]x[] []=[] []"Concentration"[][],[] []y[] []= X.acid1.boot.))[] []\OT1
/cmtt/m/it/10 # boxplot of acid1[][] 
 []


Overfull \hbox (44.7405pt too wide) in paragraph at lines 739--739
[][]\OT1/cmtt/m/n/10 acid1.box.boot[] []<-[] []acid1.box.boot[] []+[] []stat_su
mmary[][]([][]fun.y[] []= mean,[] []geom[] []=[] []"point"[][],[] []shape[] []=
[] []3[][],[] []size[] []=[] []2[][])[][] 
 []

Package color Info: Redefining color shadecolor on input line 746.
<figure/2_acid1_bootbox_plot.pdf, id=223, 361.35pt x 289.08pt>
File: figure/2_acid1_bootbox_plot.pdf Graphic file (type pdf)

<use figure/2_acid1_bootbox_plot.pdf>
Package pdftex.def Info: figure/2_acid1_bootbox_plot.pdf used on input line 752
.
(pdftex.def)             Requested size: 361.34912pt x 289.07928pt.
 [21 <./figure/2_acid1_boot.pdf>]
Package color Info: Redefining color shadecolor on input line 759.

<figure/2_acid1_qqbott.pdf, id=233, 216.81pt x 216.81pt>
File: figure/2_acid1_qqbott.pdf Graphic file (type pdf)

<use figure/2_acid1_qqbott.pdf>
Package pdftex.def Info: figure/2_acid1_qqbott.pdf used on input line 765.
(pdftex.def)             Requested size: 216.80946pt x 216.81938pt.
 [22 <./figure/2_acid1_bootbox_plot.pdf> <./figure/2_acid1_qqbott.pdf>]
Package color Info: Redefining color shadecolor on input line 781.
Package color Info: Redefining color shadecolor on input line 798.

<figure/2_acid2_box_plot.pdf, id=247, 361.35pt x 289.08pt>
File: figure/2_acid2_box_plot.pdf Graphic file (type pdf)

<use figure/2_acid2_box_plot.pdf>
Package pdftex.def Info: figure/2_acid2_box_plot.pdf used on input line 804.
(pdftex.def)             Requested size: 361.34912pt x 289.07928pt.
Package color Info: Redefining color shadecolor on input line 811.

<figure/2_acid2_qq.pdf, id=248, 216.81pt x 216.81pt>
File: figure/2_acid2_qq.pdf Graphic file (type pdf)

<use figure/2_acid2_qq.pdf>
Package pdftex.def Info: figure/2_acid2_qq.pdf used on input line 818.
(pdftex.def)             Requested size: 216.80946pt x 216.81938pt.
 [23 <./figure/2_acid2_box_plot.pdf>]
Package color Info: Redefining color shadecolor on input line 829.

<figure/2_acid2_boot.pdf, id=257, 361.35pt x 289.08pt>
File: figure/2_acid2_boot.pdf Graphic file (type pdf)

<use figure/2_acid2_boot.pdf>
Package pdftex.def Info: figure/2_acid2_boot.pdf used on input line 834.
(pdftex.def)             Requested size: 361.34912pt x 289.07928pt.
 [24 <./figure/2_acid2_qq.pdf>]
Package color Info: Redefining color shadecolor on input line 840.
Package color Info: Redefining color shadecolor on input line 861.

<figure/2_acid2_bootbox_plot.pdf, id=266, 361.35pt x 289.08pt>
File: figure/2_acid2_bootbox_plot.pdf Graphic file (type pdf)

<use figure/2_acid2_bootbox_plot.pdf>
Package pdftex.def Info: figure/2_acid2_bootbox_plot.pdf used on input line 867
.
(pdftex.def)             Requested size: 361.34912pt x 289.07928pt.
 [25 <./figure/2_acid2_boot.pdf>]
Package color Info: Redefining color shadecolor on input line 874.

<figure/2_acid2_qqbott.pdf, id=277, 216.81pt x 216.81pt>
File: figure/2_acid2_qqbott.pdf Graphic file (type pdf)

<use figure/2_acid2_qqbott.pdf>
Package pdftex.def Info: figure/2_acid2_qqbott.pdf used on input line 880.
(pdftex.def)             Requested size: 216.80946pt x 216.81938pt.
 [26 <./figure/2_acid2_bootbox_plot.pdf> <./figure/2_acid2_qqbott.pdf>]
Package color Info: Redefining color shadecolor on input line 896.
Package color Info: Redefining color shadecolor on input line 946.
 <figure/2b_bootstrap.pdf, id=291, 361.35pt x 289.08pt>
File: figure/2b_bootstrap.pdf Graphic file (type pdf)

<use figure/2b_bootstrap.pdf>
Package pdftex.def Info: figure/2b_bootstrap.pdf used on input line 954.
(pdftex.def)             Requested size: 361.34912pt x 289.07928pt.
 [27]
Package color Info: Redefining color shadecolor on input line 970.
Package color Info: Redefining color shadecolor on input line 984.

Overfull \vbox (0.87282pt too high) detected at line 996
 []

[28 <./figure/2b_bootstrap.pdf>]
Package color Info: Redefining color shadecolor on input line 1001.

<figure/2_frog_boxplot.pdf, id=304, 289.08pt x 289.08pt>
File: figure/2_frog_boxplot.pdf Graphic file (type pdf)

<use figure/2_frog_boxplot.pdf>
Package pdftex.def Info: figure/2_frog_boxplot.pdf used on input line 1007.
(pdftex.def)             Requested size: 289.07928pt x 289.09251pt.
Package color Info: Redefining color shadecolor on input line 1021.

<figure/2_frog_boot.pdf, id=305, 361.35pt x 289.08pt>
File: figure/2_frog_boot.pdf Graphic file (type pdf)

<use figure/2_frog_boot.pdf>
Package pdftex.def Info: figure/2_frog_boot.pdf used on input line 1026.
(pdftex.def)             Requested size: 361.34912pt x 289.07928pt.
 [29 <./figure/2_frog_boxplot.pdf>]
Package color Info: Redefining color shadecolor on input line 1032.

Overfull \hbox (51.72656pt too wide) in paragraph at lines 1041--1041
[][]\OT1/cmtt/m/n/10 frog.box.boot[] []<-[] []ggplot[][](frog.boot.df,[] []aes[
][]([][]x[] []=[] []"Concentration"[][],[] []y[] []= X.frog.boot.))[] []\OT1/cm
tt/m/it/10 # boxplot of frog[][] 
 []


Overfull \hbox (34.24059pt too wide) in paragraph at lines 1044--1044
[][]\OT1/cmtt/m/n/10 frog.box.boot[] []<-[] []frog.box.boot[] []+[] []stat_summ
ary[][]([][]fun.y[] []= mean,[] []geom[] []=[] []"point"[][],[] []shape[] []=[]
 []3[][],[] []size[] []=[] []2[][])[][] 
 []

Package color Info: Redefining color shadecolor on input line 1051.
<figure/2_frog_bootbox_plot.pdf, id=314, 289.08pt x 289.08pt>
File: figure/2_frog_bootbox_plot.pdf Graphic file (type pdf)

<use figure/2_frog_bootbox_plot.pdf>
Package pdftex.def Info: figure/2_frog_bootbox_plot.pdf used on input line 1057
.
(pdftex.def)             Requested size: 289.07928pt x 289.09251pt.
 [30 <./figure/2_frog_boot.pdf>]
Package color Info: Redefining color shadecolor on input line 1064.

<figure/2_frog_qqbott.pdf, id=325, 361.35pt x 216.81pt>
File: figure/2_frog_qqbott.pdf Graphic file (type pdf)

<use figure/2_frog_qqbott.pdf>
Package pdftex.def Info: figure/2_frog_qqbott.pdf used on input line 1070.
(pdftex.def)             Requested size: 361.34912pt x 216.80946pt.
 [31 <./figure/2_frog_bootbox_plot.pdf> <./figure/2_frog_qqbott.pdf>]
Package color Info: Redefining color shadecolor on input line 1084.
 [32] [33] (./ADA1_HW03.aux) ) 
Here is how much of TeX's memory you used:
 3248 strings out of 493117
 48234 string characters out of 6135433
 120624 words of memory out of 5000000
 6627 multiletter control sequences out of 15000+600000
 9359 words of font info for 35 fonts, out of 8000000 for 9000
 1141 hyphenation exceptions out of 8191
 38i,6n,32p,685b,474s stack positions out of 5000i,500n,10000p,200000b,80000s
</usr/local/texlive/2014/texmf-dist/fonts/type1/p
ublic/amsfonts/cm/cmbx10.pfb></usr/local/texlive/2014/texmf-dist/fonts/type1/pu
blic/amsfonts/cm/cmbx12.pfb></usr/local/texlive/2014/texmf-dist/fonts/type1/pub
lic/amsfonts/cm/cmitt10.pfb></usr/local/texlive/2014/texmf-dist/fonts/type1/pub
lic/amsfonts/cm/cmmi10.pfb></usr/local/texlive/2014/texmf-dist/fonts/type1/publ
ic/amsfonts/cm/cmmi7.pfb></usr/local/texlive/2014/texmf-dist/fonts/type1/public
/amsfonts/cm/cmr10.pfb></usr/local/texlive/2014/texmf-dist/fonts/type1/public/a
msfonts/cm/cmr12.pfb></usr/local/texlive/2014/texmf-dist/fonts/type1/public/ams
fonts/cm/cmr17.pfb></usr/local/texlive/2014/texmf-dist/fonts/type1/public/amsfo
nts/cm/cmr7.pfb></usr/local/texlive/2014/texmf-dist/fonts/type1/public/amsfonts
/cm/cmsy10.pfb></usr/local/texlive/2014/texmf-dist/fonts/type1/public/amsfonts/
cm/cmsy7.pfb></usr/local/texlive/2014/texmf-dist/fonts/type1/public/amsfonts/cm
/cmtt10.pfb>
Output written on ADA1_HW03.pdf (33 pages, 2897472 bytes).
PDF statistics:
 385 PDF objects out of 1000 (max. 8388607)
 263 compressed objects within 3 object streams
 0 named destinations out of 1000 (max. 500000)
 181 words of extra memory for PDF output out of 10000 (max. 10000000)

