This is pdfTeX, Version 3.14159265-2.6-1.40.15 (TeX Live 2014) (preloaded format=pdflatex 2014.6.17)  16 NOV 2014 23:04
entering extended mode
 restricted \write18 enabled.
 %&-line parsing enabled.
**ADA1_HW06.tex
(./ADA1_HW06.tex
LaTeX2e <2014/05/01>
Babel <3.9k> and hyphenation patterns for 78 languages loaded.
(/usr/local/texlive/2014/texmf-dist/tex/latex/base/article.cls
Document Class: article 2007/10/19 v1.4h Standard LaTeX document class
(/usr/local/texlive/2014/texmf-dist/tex/latex/base/size10.clo
File: size10.clo 2007/10/19 v1.4h Standard LaTeX file (size option)
)
\c@part=\count79
\c@section=\count80
\c@subsection=\count81
\c@subsubsection=\count82
\c@paragraph=\count83
\c@subparagraph=\count84
\c@figure=\count85
\c@table=\count86
\abovecaptionskip=\skip41
\belowcaptionskip=\skip42
\bibindent=\dimen102
)
(/usr/local/texlive/2014/texmf-dist/tex/latex/graphics/graphicx.sty
Package: graphicx 2014/04/25 v1.0g Enhanced LaTeX Graphics (DPC,SPQR)

(/usr/local/texlive/2014/texmf-dist/tex/latex/graphics/keyval.sty
Package: keyval 2014/05/08 v1.15 key=value parser (DPC)
\KV@toks@=\toks14
)
(/usr/local/texlive/2014/texmf-dist/tex/latex/graphics/graphics.sty
Package: graphics 2009/02/05 v1.0o Standard LaTeX Graphics (DPC,SPQR)

(/usr/local/texlive/2014/texmf-dist/tex/latex/graphics/trig.sty
Package: trig 1999/03/16 v1.09 sin cos tan (DPC)
)
(/usr/local/texlive/2014/texmf-dist/tex/latex/latexconfig/graphics.cfg
File: graphics.cfg 2010/04/23 v1.9 graphics configuration of TeX Live
)
Package graphics Info: Driver file: pdftex.def on input line 91.

(/usr/local/texlive/2014/texmf-dist/tex/latex/pdftex-def/pdftex.def
File: pdftex.def 2011/05/27 v0.06d Graphics/color for pdfTeX

(/usr/local/texlive/2014/texmf-dist/tex/generic/oberdiek/infwarerr.sty
Package: infwarerr 2010/04/08 v1.3 Providing info/warning/error messages (HO)
)
(/usr/local/texlive/2014/texmf-dist/tex/generic/oberdiek/ltxcmds.sty
Package: ltxcmds 2011/11/09 v1.22 LaTeX kernel commands for general use (HO)
)
\Gread@gobject=\count87
))
\Gin@req@height=\dimen103
\Gin@req@width=\dimen104
)
(/usr/local/texlive/2014/texmf-dist/tex/latex/graphics/color.sty
Package: color 2014/04/23 v1.1a Standard LaTeX Color (DPC)

(/usr/local/texlive/2014/texmf-dist/tex/latex/latexconfig/color.cfg
File: color.cfg 2007/01/18 v1.5 color configuration of teTeX/TeXLive
)
Package color Info: Driver file: pdftex.def on input line 137.
)
(/usr/local/texlive/2014/texmf-dist/tex/latex/framed/framed.sty
Package: framed 2011/10/22 v 0.96: framed or shaded text with page breaks
\OuterFrameSep=\skip43
\fb@frw=\dimen105
\fb@frh=\dimen106
\FrameRule=\dimen107
\FrameSep=\dimen108
)
(/usr/local/texlive/2014/texmf-dist/tex/latex/base/alltt.sty
Package: alltt 1997/06/16 v2.0g defines alltt environment
)
(/usr/local/texlive/2014/texmf-dist/tex/latex/geometry/geometry.sty
Package: geometry 2010/09/12 v5.6 Page Geometry

(/usr/local/texlive/2014/texmf-dist/tex/generic/oberdiek/ifpdf.sty
Package: ifpdf 2011/01/30 v2.3 Provides the ifpdf switch (HO)
Package ifpdf Info: pdfTeX in PDF mode is detected.
)
(/usr/local/texlive/2014/texmf-dist/tex/generic/oberdiek/ifvtex.sty
Package: ifvtex 2010/03/01 v1.5 Detect VTeX and its facilities (HO)
Package ifvtex Info: VTeX not detected.
)
(/usr/local/texlive/2014/texmf-dist/tex/generic/ifxetex/ifxetex.sty
Package: ifxetex 2010/09/12 v0.6 Provides ifxetex conditional
)
\Gm@cnth=\count88
\Gm@cntv=\count89
\c@Gm@tempcnt=\count90
\Gm@bindingoffset=\dimen109
\Gm@wd@mp=\dimen110
\Gm@odd@mp=\dimen111
\Gm@even@mp=\dimen112
\Gm@layoutwidth=\dimen113
\Gm@layoutheight=\dimen114
\Gm@layouthoffset=\dimen115
\Gm@layoutvoffset=\dimen116
\Gm@dimlist=\toks15
)
(/usr/local/texlive/2014/texmf-dist/tex/latex/float/float.sty
Package: float 2001/11/08 v1.3d Float enhancements (AL)
\c@float@type=\count91
\float@exts=\toks16
\float@box=\box26
\@float@everytoks=\toks17
\@floatcapt=\box27
)
(/usr/local/texlive/2014/texmf-dist/tex/latex/enumitem/enumitem.sty
Package: enumitem 2011/09/28 v3.5.2 Customized lists
\labelindent=\skip44
\enit@outerparindent=\dimen117
\enit@toks=\toks18
\enit@inbox=\box28
\enitdp@description=\count92
)
(/usr/local/texlive/2014/texmf-dist/tex/latex/amsmath/amsmath.sty
Package: amsmath 2013/01/14 v2.14 AMS math features
\@mathmargin=\skip45

For additional information on amsmath, use the `?' option.
(/usr/local/texlive/2014/texmf-dist/tex/latex/amsmath/amstext.sty
Package: amstext 2000/06/29 v2.01

(/usr/local/texlive/2014/texmf-dist/tex/latex/amsmath/amsgen.sty
File: amsgen.sty 1999/11/30 v2.0
\@emptytoks=\toks19
\ex@=\dimen118
))
(/usr/local/texlive/2014/texmf-dist/tex/latex/amsmath/amsbsy.sty
Package: amsbsy 1999/11/29 v1.2d
\pmbraise@=\dimen119
)
(/usr/local/texlive/2014/texmf-dist/tex/latex/amsmath/amsopn.sty
Package: amsopn 1999/12/14 v2.01 operator names
)
\inf@bad=\count93
LaTeX Info: Redefining \frac on input line 210.
\uproot@=\count94
\leftroot@=\count95
LaTeX Info: Redefining \overline on input line 306.
\classnum@=\count96
\DOTSCASE@=\count97
LaTeX Info: Redefining \ldots on input line 378.
LaTeX Info: Redefining \dots on input line 381.
LaTeX Info: Redefining \cdots on input line 466.
\Mathstrutbox@=\box29
\strutbox@=\box30
\big@size=\dimen120
LaTeX Font Info:    Redeclaring font encoding OML on input line 566.
LaTeX Font Info:    Redeclaring font encoding OMS on input line 567.
\macc@depth=\count98
\c@MaxMatrixCols=\count99
\dotsspace@=\muskip10
\c@parentequation=\count100
\dspbrk@lvl=\count101
\tag@help=\toks20
\row@=\count102
\column@=\count103
\maxfields@=\count104
\andhelp@=\toks21
\eqnshift@=\dimen121
\alignsep@=\dimen122
\tagshift@=\dimen123
\tagwidth@=\dimen124
\totwidth@=\dimen125
\lineht@=\dimen126
\@envbody=\toks22
\multlinegap=\skip46
\multlinetaggap=\skip47
\mathdisplay@stack=\toks23
LaTeX Info: Redefining \[ on input line 2665.
LaTeX Info: Redefining \] on input line 2666.
)
(/usr/local/texlive/2014/texmf-dist/tex/latex/upquote/upquote.sty
Package: upquote 2012/04/19 v1.3 upright-quote and grave-accent glyphs in verba
tim
)
(./ADA1_HW06.aux)
\openout1 = `ADA1_HW06.aux'.

LaTeX Font Info:    Checking defaults for OML/cmm/m/it on input line 63.
LaTeX Font Info:    ... okay on input line 63.
LaTeX Font Info:    Checking defaults for T1/cmr/m/n on input line 63.
LaTeX Font Info:    ... okay on input line 63.
LaTeX Font Info:    Checking defaults for OT1/cmr/m/n on input line 63.
LaTeX Font Info:    ... okay on input line 63.
LaTeX Font Info:    Checking defaults for OMS/cmsy/m/n on input line 63.
LaTeX Font Info:    ... okay on input line 63.
LaTeX Font Info:    Checking defaults for OMX/cmex/m/n on input line 63.
LaTeX Font Info:    ... okay on input line 63.
LaTeX Font Info:    Checking defaults for U/cmr/m/n on input line 63.
LaTeX Font Info:    ... okay on input line 63.

(/usr/local/texlive/2014/texmf-dist/tex/context/base/supp-pdf.mkii
[Loading MPS to PDF converter (version 2006.09.02).]
\scratchcounter=\count105
\scratchdimen=\dimen127
\scratchbox=\box31
\nofMPsegments=\count106
\nofMParguments=\count107
\everyMPshowfont=\toks24
\MPscratchCnt=\count108
\MPscratchDim=\dimen128
\MPnumerator=\count109
\makeMPintoPDFobject=\count110
\everyMPtoPDFconversion=\toks25
) (/usr/local/texlive/2014/texmf-dist/tex/generic/oberdiek/pdftexcmds.sty
Package: pdftexcmds 2011/11/29 v0.20 Utility functions of pdfTeX for LuaTeX (HO
)

(/usr/local/texlive/2014/texmf-dist/tex/generic/oberdiek/ifluatex.sty
Package: ifluatex 2010/03/01 v1.3 Provides the ifluatex switch (HO)
Package ifluatex Info: LuaTeX not detected.
)
Package pdftexcmds Info: LuaTeX not detected.
Package pdftexcmds Info: \pdf@primitive is available.
Package pdftexcmds Info: \pdf@ifprimitive is available.
Package pdftexcmds Info: \pdfdraftmode found.
)
(/usr/local/texlive/2014/texmf-dist/tex/latex/oberdiek/epstopdf-base.sty
Package: epstopdf-base 2010/02/09 v2.5 Base part for package epstopdf

(/usr/local/texlive/2014/texmf-dist/tex/latex/oberdiek/grfext.sty
Package: grfext 2010/08/19 v1.1 Manage graphics extensions (HO)

(/usr/local/texlive/2014/texmf-dist/tex/generic/oberdiek/kvdefinekeys.sty
Package: kvdefinekeys 2011/04/07 v1.3 Define keys (HO)
))
(/usr/local/texlive/2014/texmf-dist/tex/latex/oberdiek/kvoptions.sty
Package: kvoptions 2011/06/30 v3.11 Key value format for package options (HO)

(/usr/local/texlive/2014/texmf-dist/tex/generic/oberdiek/kvsetkeys.sty
Package: kvsetkeys 2012/04/25 v1.16 Key value parser (HO)

(/usr/local/texlive/2014/texmf-dist/tex/generic/oberdiek/etexcmds.sty
Package: etexcmds 2011/02/16 v1.5 Avoid name clashes with e-TeX commands (HO)
Package etexcmds Info: Could not find \expanded.
(etexcmds)             That can mean that you are not using pdfTeX 1.50 or
(etexcmds)             that some package has redefined \expanded.
(etexcmds)             In the latter case, load this package earlier.
)))
Package grfext Info: Graphics extension search list:
(grfext)             [.png,.pdf,.jpg,.mps,.jpeg,.jbig2,.jb2,.PNG,.PDF,.JPG,.JPE
G,.JBIG2,.JB2,.eps]
(grfext)             \AppendGraphicsExtensions on input line 452.

(/usr/local/texlive/2014/texmf-dist/tex/latex/latexconfig/epstopdf-sys.cfg
File: epstopdf-sys.cfg 2010/07/13 v1.3 Configuration of (r)epstopdf for TeX Liv
e
))
*geometry* driver: auto-detecting
*geometry* detected driver: pdftex
*geometry* verbose mode - [ preamble ] result:
* driver: pdftex
* paper: <default>
* layout: <same size as paper>
* layoutoffset:(h,v)=(0.0pt,0.0pt)
* modes: 
* h-part:(L,W,R)=(36.135pt, 542.02501pt, 36.135pt)
* v-part:(T,H,B)=(36.135pt, 722.7pt, 36.135pt)
* \paperwidth=614.295pt
* \paperheight=794.96999pt
* \textwidth=542.02501pt
* \textheight=722.7pt
* \oddsidemargin=-36.135pt
* \evensidemargin=-36.135pt
* \topmargin=-73.135pt
* \headheight=12.0pt
* \headsep=25.0pt
* \topskip=10.0pt
* \footskip=30.0pt
* \marginparwidth=65.0pt
* \marginparsep=11.0pt
* \columnsep=10.0pt
* \skip\footins=9.0pt plus 4.0pt minus 2.0pt
* \hoffset=0.0pt
* \voffset=0.0pt
* \mag=1000
* \@twocolumnfalse
* \@twosidefalse
* \@mparswitchfalse
* \@reversemarginfalse
* (1in=72.27pt=25.4mm, 1cm=28.453pt)

Package color Info: Redefining color shadecolor on input line 73.
LaTeX Font Info:    Font shape `OT1/cmtt/bx/n' in size <10> not available
(Font)              Font shape `OT1/cmtt/m/n' tried instead on input line 77.
Package color Info: Redefining color shadecolor on input line 87.
Package color Info: Redefining color shadecolor on input line 117.
<figure/1_a-1.pdf, id=1, 361.35pt x 289.08pt>
File: figure/1_a-1.pdf Graphic file (type pdf)
 <use figure/1_a-1.pdf>
Package pdftex.def Info: figure/1_a-1.pdf used on input line 137.
(pdftex.def)             Requested size: 361.34912pt x 289.07928pt.
Package color Info: Redefining color shadecolor on input line 146.
 [1

{/usr/local/texlive/2014/texmf-var/fonts/map/pdftex/updmap/pdftex.map}]
<figure/1_a_boot-1.pdf, id=13, 252.945pt x 289.08pt>
File: figure/1_a_boot-1.pdf Graphic file (type pdf)

<use figure/1_a_boot-1.pdf>
Package pdftex.def Info: figure/1_a_boot-1.pdf used on input line 153.
(pdftex.def)             Requested size: 252.94438pt x 289.0837pt.

<figure/1_a_boot-2.pdf, id=14, 252.945pt x 289.08pt>
File: figure/1_a_boot-2.pdf Graphic file (type pdf)

<use figure/1_a_boot-2.pdf>
Package pdftex.def Info: figure/1_a_boot-2.pdf used on input line 154.
(pdftex.def)             Requested size: 252.94438pt x 289.0837pt.
Package color Info: Redefining color shadecolor on input line 177.
 [2 <./figure/1_a-1.pdf> <./figure/1_a_boot-1.pdf> <./figure/1_a_boot-2.pdf>]
Package color Info: Redefining color shadecolor on input line 217.
 [3]
LaTeX Font Info:    Try loading font information for OMS+cmr on input line 294.


(/usr/local/texlive/2014/texmf-dist/tex/latex/base/omscmr.fd
File: omscmr.fd 1999/05/25 v2.5h Standard LaTeX font definitions
)
LaTeX Font Info:    Font shape `OMS/cmr/m/n' in size <10> not available
(Font)              Font shape `OMS/cmsy/m/n' tried instead on input line 294.
Package color Info: Redefining color shadecolor on input line 307.
Package color Info: Redefining color shadecolor on input line 318.
Package color Info: Redefining color shadecolor on input line 348.

<figure/2_a_plot-1.pdf, id=44, 361.35pt x 289.08pt>
File: figure/2_a_plot-1.pdf Graphic file (type pdf)

<use figure/2_a_plot-1.pdf>
Package pdftex.def Info: figure/2_a_plot-1.pdf used on input line 368.
(pdftex.def)             Requested size: 361.34912pt x 289.07928pt.
Package color Info: Redefining color shadecolor on input line 377.
 [4]
<figure/2_a_boot-1.pdf, id=48, 252.945pt x 289.08pt>
File: figure/2_a_boot-1.pdf Graphic file (type pdf)

<use figure/2_a_boot-1.pdf>
Package pdftex.def Info: figure/2_a_boot-1.pdf used on input line 384.
(pdftex.def)             Requested size: 252.94438pt x 289.0837pt.

<figure/2_a_boot-2.pdf, id=49, 252.945pt x 289.08pt>
File: figure/2_a_boot-2.pdf Graphic file (type pdf)

<use figure/2_a_boot-2.pdf>
Package pdftex.def Info: figure/2_a_boot-2.pdf used on input line 385.
(pdftex.def)             Requested size: 252.94438pt x 289.0837pt.
Package color Info: Redefining color shadecolor on input line 395.
 [5 <./figure/2_a_plot-1.pdf> <./figure/2_a_boot-1.pdf> <./figure/2_a_boot-2.pd
f>]
Package color Info: Redefining color shadecolor on input line 429.
Package color Info: Redefining color shadecolor on input line 472.
Package color Info: Redefining color shadecolor on input line 503.
 [6]
<figure/2_c-1.pdf, id=75, 361.35pt x 289.08pt>
File: figure/2_c-1.pdf Graphic file (type pdf)
 <use figure/2_c-1.pdf>
Package pdftex.def Info: figure/2_c-1.pdf used on input line 524.
(pdftex.def)             Requested size: 361.34912pt x 289.07928pt.
Package color Info: Redefining color shadecolor on input line 533.

<figure/2_c_boot-1.pdf, id=76, 252.945pt x 289.08pt>
File: figure/2_c_boot-1.pdf Graphic file (type pdf)

<use figure/2_c_boot-1.pdf>
Package pdftex.def Info: figure/2_c_boot-1.pdf used on input line 540.
(pdftex.def)             Requested size: 252.94438pt x 289.0837pt.

<figure/2_c_boot-2.pdf, id=77, 252.945pt x 289.08pt>
File: figure/2_c_boot-2.pdf Graphic file (type pdf)

<use figure/2_c_boot-2.pdf>
Package pdftex.def Info: figure/2_c_boot-2.pdf used on input line 541.
(pdftex.def)             Requested size: 252.94438pt x 289.0837pt.
Package color Info: Redefining color shadecolor on input line 550.
 [7 <./figure/2_c-1.pdf>]
Package color Info: Redefining color shadecolor on input line 583.
 [8 <./figure/2_c_boot-1.pdf> <./figure/2_c_boot-2.pdf>]
Package color Info: Redefining color shadecolor on input line 664.
Package color Info: Redefining color shadecolor on input line 677.
 [9]
<figure/3_a_plot-1.pdf, id=108, 433.62pt x 289.08pt>
File: figure/3_a_plot-1.pdf Graphic file (type pdf)

<use figure/3_a_plot-1.pdf>
Package pdftex.def Info: figure/3_a_plot-1.pdf used on input line 702.
(pdftex.def)             Requested size: 433.61894pt x 289.09251pt.
Package color Info: Redefining color shadecolor on input line 711.

<figure/3_b_boot-1.pdf, id=109, 361.35pt x 289.08pt>
File: figure/3_b_boot-1.pdf Graphic file (type pdf)

<use figure/3_b_boot-1.pdf>
Package pdftex.def Info: figure/3_b_boot-1.pdf used on input line 735.
(pdftex.def)             Requested size: 361.34912pt x 289.07928pt.
 [10 <./figure/3_a_plot-1.pdf>]
Package color Info: Redefining color shadecolor on input line 746.

Overfull \vbox (1.4751pt too high) detected at line 794
 []

[11 <./figure/3_b_boot-1.pdf>]
Package color Info: Redefining color shadecolor on input line 853.
Package color Info: Redefining color shadecolor on input line 869.
 [12]
<figure/4_a_plot-1.pdf, id=136, 433.62pt x 289.08pt>
File: figure/4_a_plot-1.pdf Graphic file (type pdf)

<use figure/4_a_plot-1.pdf>
Package pdftex.def Info: figure/4_a_plot-1.pdf used on input line 894.
(pdftex.def)             Requested size: 433.61894pt x 289.09251pt.
Package color Info: Redefining color shadecolor on input line 903.
LaTeX Font Info:    Try loading font information for OMS+cmtt on input line 922
.

(/Library/Frameworks/R.framework/Resources/share/texmf/tex/latex/omscmtt.fd
File: omscmtt.fd 
)
LaTeX Font Info:    Font shape `OMS/cmtt/m/n' in size <10> not available
(Font)              Font shape `OMS/cmsy/m/n' tried instead on input line 922.

Underfull \vbox (badness 10000) detected at line 934
 []

[13 <./figure/4_a_plot-1.pdf>]
Package color Info: Redefining color shadecolor on input line 939.
Package color Info: Redefining color shadecolor on input line 1008.
 [14]
<figure/4_a_plot_log-1.pdf, id=156, 433.62pt x 289.08pt>
File: figure/4_a_plot_log-1.pdf Graphic file (type pdf)

<use figure/4_a_plot_log-1.pdf>
Package pdftex.def Info: figure/4_a_plot_log-1.pdf used on input line 1035.
(pdftex.def)             Requested size: 433.61894pt x 289.09251pt.
Package color Info: Redefining color shadecolor on input line 1044.

Underfull \vbox (badness 10000) detected at line 1075
 []

[15 <./figure/4_a_plot_log-1.pdf>]
Package color Info: Redefining color shadecolor on input line 1080.
 [16] [17] (./ADA1_HW06.aux) ) 
Here is how much of TeX's memory you used:
 3147 strings out of 493117
 45154 string characters out of 6135433
 126914 words of memory out of 5000000
 6545 multiletter control sequences out of 15000+600000
 9359 words of font info for 35 fonts, out of 8000000 for 9000
 1141 hyphenation exceptions out of 8191
 38i,7n,32p,337b,282s stack positions out of 5000i,500n,10000p,200000b,80000s
</usr/local/texlive/2014/texmf-dist/fonts/type1/p
ublic/amsfonts/cm/cmbx10.pfb></usr/local/texlive/2014/texmf-dist/fonts/type1/pu
blic/amsfonts/cm/cmbx12.pfb></usr/local/texlive/2014/texmf-dist/fonts/type1/pub
lic/amsfonts/cm/cmitt10.pfb></usr/local/texlive/2014/texmf-dist/fonts/type1/pub
lic/amsfonts/cm/cmmi10.pfb></usr/local/texlive/2014/texmf-dist/fonts/type1/publ
ic/amsfonts/cm/cmmi7.pfb></usr/local/texlive/2014/texmf-dist/fonts/type1/public
/amsfonts/cm/cmr10.pfb></usr/local/texlive/2014/texmf-dist/fonts/type1/public/a
msfonts/cm/cmr12.pfb></usr/local/texlive/2014/texmf-dist/fonts/type1/public/ams
fonts/cm/cmr17.pfb></usr/local/texlive/2014/texmf-dist/fonts/type1/public/amsfo
nts/cm/cmr7.pfb></usr/local/texlive/2014/texmf-dist/fonts/type1/public/amsfonts
/cm/cmsy10.pfb></usr/local/texlive/2014/texmf-dist/fonts/type1/public/amsfonts/
cm/cmsy7.pfb></usr/local/texlive/2014/texmf-dist/fonts/type1/public/amsfonts/cm
/cmtt10.pfb>
Output written on ADA1_HW06.pdf (17 pages, 390959 bytes).
PDF statistics:
 217 PDF objects out of 1000 (max. 8388607)
 158 compressed objects within 2 object streams
 0 named destinations out of 1000 (max. 500000)
 66 words of extra memory for PDF output out of 10000 (max. 10000000)

